{
  "RSpec": {
    "coverage": {
      "/Users/luketaylor/Projects/makers_code_reviews/bank-tech-test/spec/account_spec.rb": {
        "lines": [
          1,
          null,
          1,
          1,
          1,
          1,
          null,
          null,
          1,
          1,
          1,
          1,
          4,
          null,
          null,
          1,
          1,
          1,
          1,
          4,
          null,
          null,
          1,
          1,
          1,
          1,
          1,
          1,
          null,
          null,
          null
        ]
      },
      "/Users/luketaylor/Projects/makers_code_reviews/bank-tech-test/lib/account.rb": {
        "lines": [
          1,
          null,
          1,
          null,
          1,
          1,
          1,
          null,
          1,
          4,
          4,
          null,
          null,
          1,
          3,
          3,
          3,
          3,
          3,
          3,
          null,
          null,
          null,
          null,
          1,
          3,
          3,
          3,
          3,
          3,
          null,
          null,
          null,
          null,
          1,
          0,
          0,
          0,
          0,
          0,
          0,
          0,
          null,
          null,
          null
        ]
      },
      "/Users/luketaylor/Projects/makers_code_reviews/bank-tech-test/lib/transaction.rb": {
        "lines": [
          1,
          null,
          1,
          1,
          null,
          null,
          null,
          null,
          null,
          null,
          null,
          null,
          null,
          null,
          null,
          null,
          null,
          null,
          null,
          null,
          null,
          null,
          null,
          null,
          null,
          null,
          null,
          null,
          null
        ]
      },
      "/Users/luketaylor/Projects/makers_code_reviews/bank-tech-test/spec/transaction_spec.rb": {
        "lines": [
          1,
          null,
          1,
          null,
          1,
          null,
          null,
          null,
          null,
          null,
          null,
          null,
          null,
          null,
          null
        ]
      }
    },
    "timestamp": 1635329240
  }
}
